#
# An unexpected error has been detected by Java Runtime Environment:
#
#  EXCEPTION_ACCESS_VIOLATION (0xc0000005) at pc=0x6d90e027, pid=9108, tid=11288
#
# Java VM: Java HotSpot(TM) Client VM (11.3-b02 mixed mode windows-x86)
# Problematic frame:
# V  [jvm.dll+0x5e027]
#
# If you would like to submit a bug report, please visit:
#   http://java.sun.com/webapps/bugreport/crash.jsp
#

---------------  T H R E A D  ---------------

Current thread (0x01aecc00):  VMThread [stack: 0x019f0000,0x01a40000] [id=11288]

siginfo: ExceptionCode=0xc0000005, reading address 0x0000000c

Registers:
EAX=0x01a76290, EBX=0x01a762cc, ECX=0x00000000, EDX=0x6da8c108
ESP=0x01a3f598, EBP=0x01a5d1c8, ESI=0x07e21ff8, EDI=0x07e21ff8
EIP=0x6d90e027, EFLAGS=0x00010283

Top of Stack: (sp=0x01a3f598)
0x01a3f598:   07e21ff8 07e21ff8 6da2ed30 6d8ce78b
0x01a3f5a8:   07e21ff8 01a3f5f0 01a3f5f0 00000002
0x01a3f5b8:   01a73570 6d95f7b1 07e22048 01a760e8
0x01a3f5c8:   6d95f581 01a76290 6d92ea93 01a3f5f0
0x01a3f5d8:   00000000 01a735c8 07e22048 6d95f397
0x01a3f5e8:   01a3f5f0 00000000 6da948c8 07e22048
0x01a3f5f8:   00000000 6d95a103 07e22048 07e22048
0x01a3f608:   00000000 01a3f720 00000000 6d9ef6e3 

Instructions: (pc=0x6d90e027)
0x6d90e017:   cc cc cc cc cc cc cc cc cc 51 56 8b f1 8b 4e 04
0x6d90e027:   8b 51 0c 83 c1 08 8b c2 c1 f8 02 85 d2 89 54 24 


Stack: [0x019f0000,0x01a40000],  sp=0x01a3f598,  free space=317k
Native frames: (J=compiled Java code, j=interpreted, Vv=VM code, C=native code)
V  [jvm.dll+0x5e027]

VM_Operation (0x0c89f340): GenCollectForAllocation, mode: safepoint, requested by thread 0x0c712c00


---------------  P R O C E S S  ---------------

Java Threads: ( => current thread )
  0x0c6bb000 JavaThread "Unknown thread" [_thread_blocked, id=22212, stack(0x0c8f0000,0x0c940000)]
  0x0c713400 
[error occurred during error reporting (printing all threads), id 0xc0000005]

VM state:at safepoint (normal execution)

VM Mutex/Monitor currently owned by a thread:  ([mutex/lock_event])
[0x01a5a290] UNKNOWN - owner thread: 0x01aecc00
[0x01a5a6f0] UNKNOWN - owner thread: 0x0c712c00

Heap
 def new generation   total 960K, used 64K [0x03b60000, 0x03c60000, 0x04040000)
  eden space 896K,   0% used [0x03b60000, 0x03b60000, 0x03c40000)
  from space 64K, 100% used [0x03c50000, 0x03c60000, 0x03c60000)
  to   space 64K,   0% used [0x03c40000, 0x03c40000, 0x03c50000)
 tenured generation   total 6536K, used 6442K [0x04040000, 0x046a2000, 0x07b60000)
   the space 6536K,  98% used [0x04040000, 0x0468aa18, 0x043c8c00, 0x046a2000)
 compacting perm gen  total 17920K, used 17803K [0x07b60000, 0x08ce0000, 0x0bb60000)
   the space 17920K,  99% used [0x07b60000, 0x08cc2d28, 0x08ca5000, 0x08ce0000)
No shared spaces configured.

Dynamic libraries:
0x00400000 - 0x00424000 	d:\Users\Administrator\AppData\Local\MyEclipse\Common\binary\com.sun.java.jdk.win32.x86_1.6.0.013\bin\javaw.exe
0x76fd0000 - 0x7710c000 	C:\Windows\SYSTEM32\ntdll.dll
0x75df0000 - 0x75ec4000 	C:\Windows\system32\kernel32.dll
0x75210000 - 0x7525b000 	C:\Windows\system32\KERNELBASE.dll
0x75970000 - 0x75a10000 	C:\Windows\system32\ADVAPI32.dll
0x75d40000 - 0x75dec000 	C:\Windows\system32\msvcrt.dll
0x75950000 - 0x75969000 	C:\Windows\SYSTEM32\sechost.dll
0x75500000 - 0x755a2000 	C:\Windows\system32\RPCRT4.dll
0x75610000 - 0x756d9000 	C:\Windows\system32\USER32.dll
0x754b0000 - 0x754fe000 	C:\Windows\system32\GDI32.dll
0x75940000 - 0x7594a000 	C:\Windows\system32\LPK.dll
0x756e0000 - 0x7577d000 	C:\Windows\system32\USP10.dll
0x75b30000 - 0x75b4f000 	C:\Windows\system32\IMM32.DLL
0x75c70000 - 0x75d3c000 	C:\Windows\system32\MSCTF.dll
0x7c340000 - 0x7c396000 	d:\Users\Administrator\AppData\Local\MyEclipse\Common\binary\com.sun.java.jdk.win32.x86_1.6.0.013\jre\bin\msvcr71.dll
0x6d8b0000 - 0x6db06000 	d:\Users\Administrator\AppData\Local\MyEclipse\Common\binary\com.sun.java.jdk.win32.x86_1.6.0.013\jre\bin\client\jvm.dll
0x73320000 - 0x73352000 	C:\Windows\system32\WINMM.dll
0x75090000 - 0x750dc000 	C:\Windows\system32\apphelp.dll
0x6d340000 - 0x6d348000 	d:\Users\Administrator\AppData\Local\MyEclipse\Common\binary\com.sun.java.jdk.win32.x86_1.6.0.013\jre\bin\hpi.dll
0x77170000 - 0x77175000 	C:\Windows\system32\PSAPI.DLL
0x6d430000 - 0x6d459000 	d:\Users\Administrator\AppData\Local\MyEclipse\Common\binary\com.sun.java.jdk.win32.x86_1.6.0.013\jre\bin\jdwp.dll
0x6d750000 - 0x6d756000 	d:\Users\Administrator\AppData\Local\MyEclipse\Common\binary\com.sun.java.jdk.win32.x86_1.6.0.013\jre\bin\npt.dll
0x6d860000 - 0x6d86c000 	d:\Users\Administrator\AppData\Local\MyEclipse\Common\binary\com.sun.java.jdk.win32.x86_1.6.0.013\jre\bin\verify.dll
0x6d3e0000 - 0x6d3ff000 	d:\Users\Administrator\AppData\Local\MyEclipse\Common\binary\com.sun.java.jdk.win32.x86_1.6.0.013\jre\bin\java.dll
0x6d8a0000 - 0x6d8af000 	d:\Users\Administrator\AppData\Local\MyEclipse\Common\binary\com.sun.java.jdk.win32.x86_1.6.0.013\jre\bin\zip.dll
0x6d2b0000 - 0x6d2b7000 	d:\Users\Administrator\AppData\Local\MyEclipse\Common\binary\com.sun.java.jdk.win32.x86_1.6.0.013\jre\bin\dt_socket.dll
0x77130000 - 0x77165000 	C:\Windows\system32\WS2_32.dll
0x77120000 - 0x77126000 	C:\Windows\system32\NSI.dll
0x73230000 - 0x73240000 	C:\Windows\system32\NLAapi.dll
0x708c0000 - 0x708d0000 	C:\Windows\system32\napinsp.dll
0x708a0000 - 0x708b2000 	C:\Windows\system32\pnrpnsp.dll
0x74bd0000 - 0x74c0c000 	C:\Windows\System32\mswsock.dll
0x74a90000 - 0x74ad4000 	C:\Windows\system32\DNSAPI.dll
0x70890000 - 0x70898000 	C:\Windows\System32\winrnr.dll
0x70880000 - 0x7088d000 	C:\Windows\system32\wshbth.dll
0x744d0000 - 0x744ec000 	C:\Windows\system32\IPHLPAPI.DLL
0x744c0000 - 0x744c7000 	C:\Windows\system32\WINNSI.DLL
0x728c0000 - 0x728f8000 	C:\Windows\System32\fwpuclnt.dll
0x6de80000 - 0x6de86000 	C:\Windows\system32\rasadhlp.dll
0x10000000 - 0x10017000 	C:\Program Files\Common Files\Thunder Network\NetMon\net_monitor2.0.2.9.dll
0x76080000 - 0x76cca000 	C:\Windows\system32\SHELL32.dll
0x755b0000 - 0x75607000 	C:\Windows\system32\SHLWAPI.dll
0x76e70000 - 0x76fcc000 	C:\Windows\system32\ole32.dll
0x7c3c0000 - 0x7c43c000 	C:\Windows\system32\MSVCP71.dll
0x74700000 - 0x74709000 	C:\Windows\system32\VERSION.dll
0x75160000 - 0x7516b000 	C:\Windows\system32\profapi.dll
0x74410000 - 0x74416000 	C:\Windows\System32\wshqos.dll
0x74400000 - 0x74405000 	C:\Windows\system32\wshtcpip.DLL
0x74bc0000 - 0x74bc6000 	C:\Windows\system32\wship6.dll
0x6d6c0000 - 0x6d6d3000 	D:\Users\Administrator\AppData\Local\MyEclipse\Common\binary\com.sun.java.jdk.win32.x86_1.6.0.013\jre\bin\net.dll
0x74c10000 - 0x74c26000 	C:\Windows\system32\CRYPTSP.dll
0x749b0000 - 0x749eb000 	C:\Windows\system32\rsaenh.dll
0x747c0000 - 0x747d7000 	C:\Windows\system32\USERENV.dll
0x750e0000 - 0x750ec000 	C:\Windows\system32\CRYPTBASE.dll
0x6d610000 - 0x6d619000 	D:\Users\Administrator\AppData\Local\MyEclipse\Common\binary\com.sun.java.jdk.win32.x86_1.6.0.013\jre\bin\management.dll

VM Arguments:
jvm_args: -agentlib:jdwp=transport=dt_socket,suspend=y,address=localhost:52543 -Dfile.encoding=GBK 
java_command: org.eclipse.jdt.internal.junit.runner.RemoteTestRunner -version 3 -port 52542 -testLoaderClass org.eclipse.jdt.internal.junit.runner.junit3.JUnit3TestLoader -loaderpluginname org.eclipse.jdt.junit.runtime -classNames com.bao.news.service.impl.test.NewsServiceImplTest
Launcher Type: SUN_STANDARD

Environment Variables:
JAVA_HOME=D:\Program Files\Java\jdk1.6.0_10
CLASSPATH=.;D:\Program Files\Java\jdk1.6.0_10\lib
PATH=d:\Users\Administrator\AppData\Local\MyEclipse\Common\binary\com.sun.java.jdk.win32.x86_1.6.0.013\jre\bin;d:/Users/Administrator/AppData/Local/MyEclipse/Common/binary/com.sun.java.jdk.win32.x86_1.6.0.013/jre/bin/client;d:/Users/Administrator/AppData/Local/MyEclipse/Common/binary/com.sun.java.jdk.win32.x86_1.6.0.013/jre/bin;d:/Users/Administrator/AppData/Local/MyEclipse/Common/binary/com.sun.java.jdk.win32.x86_1.6.0.013/jre/lib/i386;d:\oracle\product\10.2.0\db_1\bin;D:\Program Files\Java\jdk1.6.0_10\bin;C:\Windows\system32;C:\Windows;C:\Windows\System32\Wbem;C:\Windows\System32\WindowsPowerShell\v1.0\;C:\Program Files\ATI Technologies\ATI.ACE\Core-Static;C:\Program Files\ThinkPad\Bluetooth Software\;C:\Program Files\Lenovo\Access Connections\;C:\AppServ\Apache2.2\bin;C:\AppServ\php5
USERNAME=Administrator
OS=Windows_NT
PROCESSOR_IDENTIFIER=x86 Family 6 Model 23 Stepping 10, GenuineIntel



---------------  S Y S T E M  ---------------

OS: Windows NT 6.1 Build 7601 Service Pack 1

CPU:total 2 (2 cores per cpu, 1 threads per core) family 6 model 7 stepping 10, cmov, cx8, fxsr, mmx, sse, sse2, sse3, ssse3

Memory: 4k page, physical 2097151k(77744k free), swap 4194303k(932392k free)

vm_info: Java HotSpot(TM) Client VM (11.3-b02) for windows-x86 JRE (1.6.0_13-b03), built on Mar  9 2009 01:15:24 by "java_re" with MS VC++ 7.1

time: Thu Oct 24 10:19:33 2013
elapsed time: 59206 seconds

